<?xml version="1.0" encoding="UTF-8"?>
<!-- Generated by org.testng.reporters.JUnitReportReporter -->
<testsuite skipped="0" hostname="DESKTOP-K4Q9F4N" name="runners.Getuserlistrunner" tests="1" failures="0" timestamp="2019-08-28T11:04:27 IST" time="2.833" errors="0">
  <testcase name="feature" time="2.833" classname="runners.Getuserlistrunner"/>
</testsuite> <!-- runners.Getuserlistrunner -->
