<?xml version="1.0" encoding="UTF-8"?>
<!-- Generated by org.testng.reporters.JUnitReportReporter -->
<testsuite skipped="0" hostname="DESKTOP-K4Q9F4N" name="runners.Getuserlistrunner" tests="1" failures="0" timestamp="2019-08-27T23:50:26 IST" time="2.500" errors="0">
  <testcase name="feature" time="2.500" classname="runners.Getuserlistrunner"/>
</testsuite> <!-- runners.Getuserlistrunner -->
